<?xml version="1.0" encoding="UTF-8"?>
<testsuites name="ChromeHeadless" time="27" tests="2" failures="0" errors="0">
   <testsuite name="ChromeHeadless" tests="2" failures="0" errors="0" time="27" timestamp="2018-05-31 11:06:52" hostname="Debar - 192.168.0.38" id="Test Suites/ChromeHeadless">
      <properties>
         <property name="deviceName" value=""/>
         <property name="devicePlatform" value=""/>
         <property name="logFolder" value="C:\\Users\\Debar\\git\\KatalonStudioTesting\\Reports\\ChromeHeadless\\20180531_110650"/>
         <property name="logFiles" value="C:\\Users\\Debar\\git\\KatalonStudioTesting\\Reports\\ChromeHeadless\\20180531_110650\\execution0.log"/>
         <property name="attachments" value="C:\\Users\\Debar\\git\\KatalonStudioTesting\\Reports\\ChromeHeadless\\20180531_110650\\1527757623564.png, C:\\Users\\Debar\\git\\KatalonStudioTesting\\Reports\\ChromeHeadless\\20180531_110650\\1527757637261.png"/>
         <property name="hostName" value="Debar - 192.168.0.38"/>
         <property name="os" value="Windows 10 64bit"/>
         <property name="katalonVersion" value="5.4.1.1"/>
         <property name="browser" value="Chrome 66.0.3359.181"/>
         <property name="hostAddress" value="192.168.0.38"/>
         <property name="sessionId" value="27dc140e402f5bc3cf8efa7eb15a1985"/>
         <property name="seleniumVersion" value="3.7.1"/>
         <property name="proxyInformation" value="ProxyInformation{proxyOption=NO_PROXY, proxyServerType=HTTP, password=, proxyServerAddress=, proxyServerPort=0}"/>
         <property name="platform" value="Windows 10"/>
      </properties>
      <testcase name="Test Cases/TC1" classname="Test Cases/TC1" status="PASSED">
         <system-out><![CDATA[2018-05-31 11:06:53 - [TEST_CASE][PASSED] - Test Cases/TC1: Test Cases/TC1

2018-05-31 11:06:53 - [TEST_STEP][PASSED] - openBrowser: Browser is opened with url: ''

2018-05-31 11:06:57 - [MESSAGE][PASSED] - Browser is opened with url: ''

2018-05-31 11:06:57 - [TEST_STEP][PASSED] - navigateToUrl: Navigate to 'https://timesofindia.indiatimes.com/' successfully

2018-05-31 11:07:03 - [MESSAGE][PASSED] - Navigate to 'https://timesofindia.indiatimes.com/' successfully

2018-05-31 11:07:03 - [TEST_STEP][PASSED] - takeScreenshot: Taking screenshot successfully

2018-05-31 11:07:03 - [MESSAGE][PASSED] - Taking screenshot successfully
[[ATTACHMENT|C:\\Users\\Debar\\git\\KatalonStudioTesting\\Reports\\ChromeHeadless\\20180531_110650\\1527757623564.png]]

2018-05-31 11:07:03 - [TEST_STEP][PASSED] - click: Object: 'Object Repository/VideosLink' is clicked on

2018-05-31 11:07:08 - [MESSAGE][PASSED] - Object: 'Object Repository/VideosLink' is clicked on

2018-05-31 11:07:08 - [TEST_STEP][PASSED] - closeBrowser: Browser is closed

2018-05-31 11:07:08 - [MESSAGE][PASSED] - Browser is closed]]></system-out>
         <system-err><![CDATA[]]></system-err>
      </testcase>
      <testcase name="Test Cases/TC2" classname="Test Cases/TC2" status="PASSED">
         <system-out><![CDATA[2018-05-31 11:07:08 - [TEST_CASE][PASSED] - Test Cases/TC2: Test Cases/TC2

2018-05-31 11:07:09 - [TEST_STEP][PASSED] - openBrowser: Browser is opened with url: ''

2018-05-31 11:07:11 - [MESSAGE][PASSED] - Browser is opened with url: ''

2018-05-31 11:07:11 - [TEST_STEP][PASSED] - navigateToUrl: Navigate to 'http://automationpractice.com/index.php' successfully

2018-05-31 11:07:17 - [MESSAGE][PASSED] - Navigate to 'http://automationpractice.com/index.php' successfully

2018-05-31 11:07:17 - [TEST_STEP][PASSED] - takeScreenshot: Taking screenshot successfully

2018-05-31 11:07:17 - [MESSAGE][PASSED] - Taking screenshot successfully
[[ATTACHMENT|C:\\Users\\Debar\\git\\KatalonStudioTesting\\Reports\\ChromeHeadless\\20180531_110650\\1527757637261.png]]

2018-05-31 11:07:17 - [TEST_STEP][PASSED] - click: Object: 'Object Repository/Page_My Store/a_Women' is clicked on

2018-05-31 11:07:19 - [MESSAGE][PASSED] - Object: 'Object Repository/Page_My Store/a_Women' is clicked on

2018-05-31 11:07:19 - [TEST_STEP][PASSED] - closeBrowser: Browser is closed

2018-05-31 11:07:20 - [MESSAGE][PASSED] - Browser is closed]]></system-out>
         <system-err><![CDATA[]]></system-err>
      </testcase>
      <system-out><![CDATA[2018-05-31 11:06:52 - [TEST_SUITE][PASSED] - ChromeHeadless: Test Cases/TC2]]></system-out>
      <system-err><![CDATA[]]></system-err>
   </testsuite>
</testsuites>
